
> frontend@0.0.0 dev
> vite --host


  [32m[1mVITE[22m v7.3.1[39m  [2mready in [0m[1m1618[22m[2m[0m ms[22m

  [32m➜[39m  [1mLocal[22m:   [36mhttp://localhost:[1m5173[22m/[39m
  [32m➜[39m  [1mNetwork[22m: [36mhttp://192.168.100.149:[1m5173[22m/[39m
  [32m➜[39m  [1mNetwork[22m: [36mhttp://172.25.16.1:[1m5173[22m/[39m
[2m3:20:14 PM[22m [36m[1m[vite][22m[39m [90m[2m(client)[22m[39m [32mhmr update [39m[2m/src/pages/Ingresos.jsx, /src/index.css[22m
[2m3:24:43 PM[22m [31m[1m[vite][22m[39m [31mhttp proxy error: /api/notifications/unread-count[39m
AggregateError [ECONNREFUSED]: 
    at internalConnectMultiple (node:net:1134:18)
    at afterConnectMultiple (node:net:1715:7)
[2m3:25:00 PM[22m [31m[1m[vite][22m[39m [31mhttp proxy error: /api/auth/login[39m
AggregateError [ECONNREFUSED]: 
    at internalConnectMultiple (node:net:1134:18)
    at afterConnectMultiple (node:net:1715:7)
[2m3:26:11 PM[22m [31m[1m[vite][22m[39m [31mhttp proxy error: /api/auth/login[39m
AggregateError [ECONNREFUSED]: 
    at internalConnectMultiple (node:net:1134:18)
    at afterConnectMultiple (node:net:1715:7)
[2m3:26:18 PM[22m [31m[1m[vite][22m[39m [31mhttp proxy error: /api/auth/login[39m
AggregateError [ECONNREFUSED]: 
    at internalConnectMultiple (node:net:1134:18)
    at afterConnectMultiple (node:net:1715:7)
[2m3:29:27 PM[22m [31m[1m[vite][22m[39m [31mhttp proxy error: /api/transactions?type=ingreso&sort_by=date&sort_order=desc&page=1&limit=15[39m
AggregateError [ECONNREFUSED]: 
    at internalConnectMultiple (node:net:1134:18)
    at afterConnectMultiple (node:net:1715:7)
[2m3:29:27 PM[22m [31m[1m[vite][22m[39m [31mhttp proxy error: /api/categories[39m
AggregateError [ECONNREFUSED]: 
    at internalConnectMultiple (node:net:1134:18)
    at afterConnectMultiple (node:net:1715:7)
[2m3:29:27 PM[22m [31m[1m[vite][22m[39m [31mhttp proxy error: /api/transactions?type=ingreso&sort_by=date&sort_order=desc&page=1&limit=15[39m
AggregateError [ECONNREFUSED]: 
    at internalConnectMultiple (node:net:1134:18)
    at afterConnectMultiple (node:net:1715:7)
[2m3:29:27 PM[22m [31m[1m[vite][22m[39m [31mhttp proxy error: /api/categories[39m
AggregateError [ECONNREFUSED]: 
    at internalConnectMultiple (node:net:1134:18)
    at afterConnectMultiple (node:net:1715:7)
[2m3:29:28 PM[22m [31m[1m[vite][22m[39m [31mhttp proxy error: /api/notifications/unread-count[39m
AggregateError [ECONNREFUSED]: 
    at internalConnectMultiple (node:net:1134:18)
    at afterConnectMultiple (node:net:1715:7)
[2m3:30:37 PM[22m [31m[1m[vite][22m[39m [31mhttp proxy error: /api/notifications/unread-count[39m
AggregateError [ECONNREFUSED]: 
    at internalConnectMultiple (node:net:1134:18)
    at afterConnectMultiple (node:net:1715:7)
